<?xml version="1.0" encoding="UTF-8"?>
<!-- Generated by org.testng.reporters.JUnitXMLReporter -->
<testsuite ignored="3" hostname="Preyal" failures="0" tests="1" name="Default test" time="26.609" errors="0" timestamp="2021-01-07T10:18:36 GMT-05:00">
  <testcase classname="Com.crm.testcases.HomePageTest" name="verifyUsernameTest" time="1.683"/>
  <testcase classname="Com.crm.testcases.HomePageTest" name="verifyHomepageTitle" time="0.0">
    <ignored/>
  </testcase> <!-- verifyHomepageTitle -->
  <testcase classname="Com.crm.testcases.HomePageTest" name="verifyContatcIcon" time="0.0">
    <ignored/>
  </testcase> <!-- verifyContatcIcon -->
  <testcase classname="Com.crm.testcases.HomePageTest" name="verifyDealsIcon" time="0.0">
    <ignored/>
  </testcase> <!-- verifyDealsIcon -->
</testsuite> <!-- Default test -->
