<?xml version="1.0" encoding="UTF-8"?>
<!-- Generated by org.testng.reporters.JUnitXMLReporter -->
<testsuite ignored="0" hostname="Preyal" failures="0" tests="3" name="Testcase_ID2" time="33.937" errors="0" timestamp="2021-01-04T15:43:23 GMT-05:00">
  <testcase classname="Com.crm.testcases.LoginPageTest" name="loginPageTetleTest" time="0.015"/>
  <testcase classname="Com.crm.testcases.LoginPageTest" name="loginbuttonTest" time="0.463"/>
  <testcase classname="Com.crm.testcases.LoginPageTest" name="loginTest" time="0.563"/>
</testsuite> <!-- Testcase_ID2 -->
