<?xml version="1.0" encoding="UTF-8"?>
<testng-results ignored="3" total="4" passed="1" failed="0" skipped="0">
  <reporter-output>
  </reporter-output>
  <suite started-at="2021-01-07T10:18:08 GMT-05:00" name="Default suite" finished-at="2021-01-07T10:18:35 GMT-05:00" duration-ms="26609">
    <groups>
    </groups>
    <test started-at="2021-01-07T10:18:08 GMT-05:00" name="Default test" finished-at="2021-01-07T10:18:35 GMT-05:00" duration-ms="26609">
      <class name="Com.crm.testcases.HomePageTest">
        <test-method is-config="true" signature="setup()[pri:0, instance:Com.crm.testcases.HomePageTest@7f552bd3]" started-at="2021-01-07T10:18:08 GMT-05:00" name="setup" finished-at="2021-01-07T10:18:33 GMT-05:00" duration-ms="24876" status="PASS">
          <reporter-output>
          </reporter-output>
        </test-method> <!-- setup -->
        <test-method signature="verifyUsernameTest()[pri:0, instance:Com.crm.testcases.HomePageTest@7f552bd3]" started-at="2021-01-07T10:18:33 GMT-05:00" name="verifyUsernameTest" finished-at="2021-01-07T10:18:35 GMT-05:00" duration-ms="1683" status="PASS">
          <reporter-output>
          </reporter-output>
        </test-method> <!-- verifyUsernameTest -->
      </class> <!-- Com.crm.testcases.HomePageTest -->
    </test> <!-- Default test -->
  </suite> <!-- Default suite -->
</testng-results>
